<?xml version="1.0" encoding="UTF-8"?>
<testsuite name="Main Page Search" tests="4" skipped="0" failures="0" errors="0" timestamp="2019-09-23T06:13:38" hostname="B6FC6S2" time="15.969">
  <properties/>
  <testcase name="Search for cat 'Persian'" classname="Main Page Search" time="3.99"/>
  <testcase name="Search for cat 'Manx'" classname="Main Page Search" time="4.025"/>
  <testcase name="Search for dog 'Chihuahua'" classname="Main Page Search" time="3.984"/>
  <testcase name="Search for dog 'Dalmation'" classname="Main Page Search" time="3.953"/>
  <system-out><![CDATA[
Feature: Main Page Search

  Scenario Outline: Search for cat '<name>' ?[90m# Cucumber_tests/MainPage.feature:2?[0m
    ?[36mGiven Main page is opened?[0m
    ?[36mAnd Entry store link is clicked?[0m
    ?[36mWhen Search for cat '<name>'?[0m
    ?[36mThen Cat link Text is found '<link>'?[0m

    Examples: 

  Scenario Outline: Search for cat 'Persian' ?[90m# Cucumber_tests/MainPage.feature:10?[0m
    ?[32mGiven ?[0m?[32mMain page is opened?[0m                ?[90m# ShopSteps.OpenMainPage()?[0m
    ?[32mAnd ?[0m?[32mEntry store link is clicked?[0m          ?[90m# ShopSteps.EnterStoreLink()?[0m
    ?[32mWhen ?[0m?[32mSearch for cat '?[0m?[32m?[1mPersian?[0m?[32m'?[0m            ?[90m# ShopSteps.SearchForCat(String)?[0m
    ?[32mThen ?[0m?[32mCat link Text is found '?[0m?[32m?[1mFL-DLH-02?[0m?[32m'?[0m  ?[90m# ShopSteps.CatLinkTextIsFount(String)?[0m

  Scenario Outline: Search for cat 'Manx'   ?[90m# Cucumber_tests/MainPage.feature:11?[0m
    ?[32mGiven ?[0m?[32mMain page is opened?[0m               ?[90m# ShopSteps.OpenMainPage()?[0m
    ?[32mAnd ?[0m?[32mEntry store link is clicked?[0m         ?[90m# ShopSteps.EnterStoreLink()?[0m
    ?[32mWhen ?[0m?[32mSearch for cat '?[0m?[32m?[1mManx?[0m?[32m'?[0m              ?[90m# ShopSteps.SearchForCat(String)?[0m
    ?[32mThen ?[0m?[32mCat link Text is found '?[0m?[32m?[1mFL-DSH-01?[0m?[32m'?[0m ?[90m# ShopSteps.CatLinkTextIsFount(String)?[0m

  Scenario Outline: Search for dog '<name>' ?[90m# Cucumber_tests/MainPage.feature:13?[0m
    ?[36mGiven Main page is opened?[0m
    ?[36mAnd Entry store link is clicked?[0m
    ?[36mWhen Search for dog '<name>'?[0m
    ?[36mThen Cat link Text is found '<link>'?[0m

    Examples: 

  Scenario Outline: Search for dog 'Chihuahua' ?[90m# Cucumber_tests/MainPage.feature:21?[0m
    ?[32mGiven ?[0m?[32mMain page is opened?[0m                  ?[90m# ShopSteps.OpenMainPage()?[0m
    ?[32mAnd ?[0m?[32mEntry store link is clicked?[0m            ?[90m# ShopSteps.EnterStoreLink()?[0m
    ?[32mWhen ?[0m?[32mSearch for dog '?[0m?[32m?[1mChihuahua?[0m?[32m'?[0m            ?[90m# ShopSteps.SearchForDog(String)?[0m
    ?[32mThen ?[0m?[32mCat link Text is found '?[0m?[32m?[1mK9-CW-01?[0m?[32m'?[0m     ?[90m# ShopSteps.CatLinkTextIsFount(String)?[0m

  Scenario Outline: Search for dog 'Dalmation' ?[90m# Cucumber_tests/MainPage.feature:22?[0m
    ?[32mGiven ?[0m?[32mMain page is opened?[0m                  ?[90m# ShopSteps.OpenMainPage()?[0m
    ?[32mAnd ?[0m?[32mEntry store link is clicked?[0m            ?[90m# ShopSteps.EnterStoreLink()?[0m
    ?[32mWhen ?[0m?[32mSearch for dog '?[0m?[32m?[1mDalmation?[0m?[32m'?[0m            ?[90m# ShopSteps.SearchForDog(String)?[0m
    ?[32mThen ?[0m?[32mCat link Text is found '?[0m?[32m?[1mK9-DL-01?[0m?[32m'?[0m     ?[90m# ShopSteps.CatLinkTextIsFount(String)?[0m
]]></system-out>
  <system-err><![CDATA[Starting ChromeDriver 77.0.3865.40 (f484704e052e0b556f8030b65b953dce96503217-refs/branch-heads/3865@{#442}) on port 47163
Only local connections are allowed.
Please protect ports used by ChromeDriver and related test frameworks to prevent access by malicious code.
Sep 23, 2019 8:13:40 AM org.openqa.selenium.remote.ProtocolHandshake createSession
INFO: Detected dialect: W3C
Starting ChromeDriver 77.0.3865.40 (f484704e052e0b556f8030b65b953dce96503217-refs/branch-heads/3865@{#442}) on port 9020
Only local connections are allowed.
Please protect ports used by ChromeDriver and related test frameworks to prevent access by malicious code.
Sep 23, 2019 8:13:44 AM org.openqa.selenium.remote.ProtocolHandshake createSession
INFO: Detected dialect: W3C
Starting ChromeDriver 77.0.3865.40 (f484704e052e0b556f8030b65b953dce96503217-refs/branch-heads/3865@{#442}) on port 41892
Only local connections are allowed.
Please protect ports used by ChromeDriver and related test frameworks to prevent access by malicious code.
Sep 23, 2019 8:13:48 AM org.openqa.selenium.remote.ProtocolHandshake createSession
INFO: Detected dialect: W3C
Starting ChromeDriver 77.0.3865.40 (f484704e052e0b556f8030b65b953dce96503217-refs/branch-heads/3865@{#442}) on port 39693
Only local connections are allowed.
Please protect ports used by ChromeDriver and related test frameworks to prevent access by malicious code.
Sep 23, 2019 8:13:52 AM org.openqa.selenium.remote.ProtocolHandshake createSession
INFO: Detected dialect: W3C
]]></system-err>
</testsuite>
