<?xml version="1.0" encoding="UTF-8"?>
<testsuite name="Place order" tests="2" skipped="0" failures="0" errors="0" timestamp="2019-09-23T06:13:23" hostname="B6FC6S2" time="12.469">
  <properties/>
  <testcase name="Add fish to cart 'FI-SW-01'" classname="Place order" time="6.881"/>
  <testcase name="Add fish to cart 'FI-FW-02'" classname="Place order" time="5.517"/>
  <system-out><![CDATA[Feature: Place order

  Scenario Outline: Add fish to cart '<fishID>' ?[90m# Cucumber_tests/Cart.feature:2?[0m
    ?[36mGiven Main page is opened?[0m
    ?[36mAnd Entry store link is clicked?[0m
    ?[36mAnd user is log in 'j2ee' 'j2ee'?[0m
    ?[36mAnd fish page is opened?[0m
    ?[36mWhen Add '<fishID>' '<itemID>' to cart?[0m
    ?[36mThen fish '<itemID>' is in the cart?[0m

    Examples: 

  Scenario Outline: Add fish to cart 'FI-SW-01' ?[90m# Cucumber_tests/Cart.feature:12?[0m
    ?[32mGiven ?[0m?[32mMain page is opened?[0m                   ?[90m# ShopSteps.OpenMainPage()?[0m
    ?[32mAnd ?[0m?[32mEntry store link is clicked?[0m             ?[90m# ShopSteps.EnterStoreLink()?[0m
    ?[32mAnd ?[0m?[32muser is log in '?[0m?[32m?[1mj2ee?[0m?[32m' '?[0m?[32m?[1mj2ee?[0m?[32m'?[0m            ?[90m# ShopSteps.LogIn(String,String)?[0m
    ?[32mAnd ?[0m?[32mfish page is opened?[0m                     ?[90m# ShopSteps.OpenFishPage()?[0m
    ?[32mWhen ?[0m?[32mAdd '?[0m?[32m?[1mFI-SW-01?[0m?[32m' '?[0m?[32m?[1mEST-1?[0m?[32m' to cart?[0m         ?[90m# ShopSteps.AddFishToCart(String,String)?[0m
    ?[32mThen ?[0m?[32mfish '?[0m?[32m?[1mEST-1?[0m?[32m' is in the cart?[0m            ?[90m# ShopSteps.FishIsInCar(String)?[0m

  Scenario Outline: Add fish to cart 'FI-FW-02' ?[90m# Cucumber_tests/Cart.feature:13?[0m
    ?[32mGiven ?[0m?[32mMain page is opened?[0m                   ?[90m# ShopSteps.OpenMainPage()?[0m
    ?[32mAnd ?[0m?[32mEntry store link is clicked?[0m             ?[90m# ShopSteps.EnterStoreLink()?[0m
    ?[32mAnd ?[0m?[32muser is log in '?[0m?[32m?[1mj2ee?[0m?[32m' '?[0m?[32m?[1mj2ee?[0m?[32m'?[0m            ?[90m# ShopSteps.LogIn(String,String)?[0m
    ?[32mAnd ?[0m?[32mfish page is opened?[0m                     ?[90m# ShopSteps.OpenFishPage()?[0m
    ?[32mWhen ?[0m?[32mAdd '?[0m?[32m?[1mFI-FW-02?[0m?[32m' '?[0m?[32m?[1mEST-20?[0m?[32m' to cart?[0m        ?[90m# ShopSteps.AddFishToCart(String,String)?[0m
    ?[32mThen ?[0m?[32mfish '?[0m?[32m?[1mEST-20?[0m?[32m' is in the cart?[0m           ?[90m# ShopSteps.FishIsInCar(String)?[0m
]]></system-out>
  <system-err><![CDATA[Starting ChromeDriver 77.0.3865.40 (f484704e052e0b556f8030b65b953dce96503217-refs/branch-heads/3865@{#442}) on port 48969
Only local connections are allowed.
Please protect ports used by ChromeDriver and related test frameworks to prevent access by malicious code.
Sep 23, 2019 8:13:25 AM org.openqa.selenium.remote.ProtocolHandshake createSession
INFO: Detected dialect: W3C
Starting ChromeDriver 77.0.3865.40 (f484704e052e0b556f8030b65b953dce96503217-refs/branch-heads/3865@{#442}) on port 35284
Only local connections are allowed.
Please protect ports used by ChromeDriver and related test frameworks to prevent access by malicious code.
Sep 23, 2019 8:13:32 AM org.openqa.selenium.remote.ProtocolHandshake createSession
INFO: Detected dialect: W3C
]]></system-err>
</testsuite>
